2025-04-12 17:49:21,225 - stock_prediction_system - INFO - Fetching stock data...
2025-04-12 17:49:21,226 - DataFetcher - INFO - Fetching 10y of 1d data for 6 stocks...
2025-04-12 17:49:22,186 - DataFetcher - INFO - Fetched 2517 periods for C
2025-04-12 17:49:25,857 - yfinance - ERROR - 404 Client Error: Not Found for url: https://query2.finance.yahoo.com/v10/finance/quoteSummary/B?modules=financialData%2CquoteType%2CdefaultKeyStatistics%2CassetProfile%2CsummaryDetail&corsDomain=finance.yahoo.com&formatted=false&symbol=B&crumb=46f3cqHDpNb
2025-04-12 17:49:25,858 - DataFetcher - ERROR - Error fetching B, attempt 1/3: 'NoneType' object has no attribute 'update'
2025-04-12 17:49:29,409 - yfinance - ERROR - 404 Client Error: Not Found for url: https://query2.finance.yahoo.com/v10/finance/quoteSummary/B?modules=financialData%2CquoteType%2CdefaultKeyStatistics%2CassetProfile%2CsummaryDetail&corsDomain=finance.yahoo.com&formatted=false&symbol=B&crumb=46f3cqHDpNb
2025-04-12 17:49:29,410 - DataFetcher - ERROR - Error fetching B, attempt 2/3: 'NoneType' object has no attribute 'update'
2025-04-12 17:49:32,912 - yfinance - ERROR - $B: possibly delisted; no price data found  (period=10y) (Yahoo error = "No data found, symbol may be delisted")
2025-04-12 17:49:32,914 - DataFetcher - WARNING - Empty data for B, attempt 3/3
2025-04-12 17:49:34,919 - DataFetcher - ERROR - Failed to fetch data for B after 3 attempts
2025-04-12 17:49:34,920 - DataFetcher - WARNING - No data found for B, skipping.
2025-04-12 17:49:35,413 - DataFetcher - INFO - Fetched 2517 periods for A
2025-04-12 17:49:36,934 - yfinance - ERROR - Could not get exchangeTimezoneName for ticker '.' reason: 'chart'
2025-04-12 17:49:38,638 - yfinance - ERROR - $.: possibly delisted; no price data found  (period=10y)
2025-04-12 17:49:38,641 - DataFetcher - WARNING - Empty data for ., attempt 1/3
2025-04-12 17:49:40,648 - yfinance - ERROR - Could not get exchangeTimezoneName for ticker '.' reason: 'chart'
2025-04-12 17:49:42,165 - yfinance - ERROR - $.: possibly delisted; no price data found  (period=10y)
2025-04-12 17:49:42,166 - DataFetcher - WARNING - Empty data for ., attempt 2/3
2025-04-12 17:49:44,171 - yfinance - ERROR - Could not get exchangeTimezoneName for ticker '.' reason: 'chart'
2025-04-12 17:49:45,650 - yfinance - ERROR - $.: possibly delisted; no price data found  (period=10y)
2025-04-12 17:49:45,650 - DataFetcher - WARNING - Empty data for ., attempt 3/3
2025-04-12 17:49:47,655 - DataFetcher - ERROR - Failed to fetch data for . after 3 attempts
2025-04-12 17:49:47,657 - DataFetcher - WARNING - No data found for ., skipping.
2025-04-12 17:49:48,014 - DataFetcher - INFO - Fetched 2517 periods for A
2025-04-12 17:49:48,601 - DataFetcher - INFO - Fetched 2517 periods for X
2025-04-12 17:49:48,602 - DataFetcher - INFO - Combined dataset shape: (10068, 9)
2025-04-12 17:49:48,673 - stock_prediction_system - INFO - Fetched 10068 records for CBA.AX
2025-04-12 17:49:48,673 - DataFetcher - INFO - Fetching 10y of 1d data for 6 stocks...
2025-04-12 17:49:50,148 - yfinance - ERROR - $B: possibly delisted; no price data found  (period=10y) (Yahoo error = "No data found, symbol may be delisted")
2025-04-12 17:49:50,149 - DataFetcher - WARNING - Empty data for B, attempt 1/3
2025-04-12 17:49:53,517 - yfinance - ERROR - $B: possibly delisted; no price data found  (period=10y) (Yahoo error = "No data found, symbol may be delisted")
2025-04-12 17:49:53,517 - DataFetcher - WARNING - Empty data for B, attempt 2/3
2025-04-12 17:49:57,060 - yfinance - ERROR - $B: possibly delisted; no price data found  (period=10y) (Yahoo error = "No data found, symbol may be delisted")
2025-04-12 17:49:57,061 - DataFetcher - WARNING - Empty data for B, attempt 3/3
2025-04-12 17:49:59,065 - DataFetcher - ERROR - Failed to fetch data for B after 3 attempts
2025-04-12 17:49:59,066 - DataFetcher - WARNING - No data found for B, skipping.
2025-04-12 17:49:59,569 - DataFetcher - INFO - Fetched 2517 periods for H
2025-04-12 17:49:59,947 - DataFetcher - INFO - Fetched 956 periods for P
2025-04-12 17:49:59,947 - yfinance - ERROR - Could not get exchangeTimezoneName for ticker '.' reason: 'chart'
2025-04-12 17:50:01,663 - yfinance - ERROR - $.: possibly delisted; no price data found  (period=10y)
2025-04-12 17:50:01,663 - DataFetcher - WARNING - Empty data for ., attempt 1/3
2025-04-12 17:50:03,670 - yfinance - ERROR - Could not get exchangeTimezoneName for ticker '.' reason: 'chart'
2025-04-12 17:50:05,080 - yfinance - ERROR - $.: possibly delisted; no price data found  (period=10y)
2025-04-12 17:50:05,081 - DataFetcher - WARNING - Empty data for ., attempt 2/3
2025-04-12 17:50:07,087 - yfinance - ERROR - Could not get exchangeTimezoneName for ticker '.' reason: 'chart'
2025-04-12 17:50:08,552 - yfinance - ERROR - $.: possibly delisted; no price data found  (period=10y)
2025-04-12 17:50:08,553 - DataFetcher - WARNING - Empty data for ., attempt 3/3
2025-04-12 17:50:10,558 - DataFetcher - ERROR - Failed to fetch data for . after 3 attempts
2025-04-12 17:50:10,559 - DataFetcher - WARNING - No data found for ., skipping.
2025-04-12 17:50:10,884 - DataFetcher - INFO - Fetched 2517 periods for A
2025-04-12 17:50:11,130 - DataFetcher - INFO - Fetched 2517 periods for X
2025-04-12 17:50:11,131 - DataFetcher - INFO - Combined dataset shape: (8507, 10)
2025-04-12 17:50:11,192 - stock_prediction_system - INFO - Fetched 8507 records for BHP.AX
2025-04-12 17:50:11,193 - DataFetcher - INFO - Fetching 10y of 1d data for 6 stocks...
2025-04-12 17:50:11,425 - DataFetcher - INFO - Fetched 2517 periods for C
2025-04-12 17:50:11,713 - DataFetcher - INFO - Fetched 951 periods for S
2025-04-12 17:50:12,153 - DataFetcher - INFO - Fetched 2517 periods for L
2025-04-12 17:50:12,153 - yfinance - ERROR - Could not get exchangeTimezoneName for ticker '.' reason: 'chart'
2025-04-12 17:50:13,675 - yfinance - ERROR - $.: possibly delisted; no price data found  (period=10y)
2025-04-12 17:50:13,676 - DataFetcher - WARNING - Empty data for ., attempt 1/3
2025-04-12 17:50:15,682 - yfinance - ERROR - Could not get exchangeTimezoneName for ticker '.' reason: 'chart'
2025-04-12 17:50:17,439 - yfinance - ERROR - $.: possibly delisted; no price data found  (period=10y)
2025-04-12 17:50:17,439 - DataFetcher - WARNING - Empty data for ., attempt 2/3
2025-04-12 17:50:19,445 - yfinance - ERROR - Could not get exchangeTimezoneName for ticker '.' reason: 'chart'
2025-04-12 17:50:21,088 - yfinance - ERROR - $.: possibly delisted; no price data found  (period=10y)
2025-04-12 17:50:21,089 - DataFetcher - WARNING - Empty data for ., attempt 3/3
2025-04-12 17:50:23,095 - DataFetcher - ERROR - Failed to fetch data for . after 3 attempts
2025-04-12 17:50:23,097 - DataFetcher - WARNING - No data found for ., skipping.
2025-04-12 17:50:23,380 - DataFetcher - INFO - Fetched 2517 periods for A
2025-04-12 17:50:23,694 - DataFetcher - INFO - Fetched 2517 periods for X
2025-04-12 17:50:23,694 - DataFetcher - INFO - Combined dataset shape: (11019, 9)
2025-04-12 17:50:23,767 - stock_prediction_system - INFO - Fetched 11019 records for CSL.AX
2025-04-12 17:50:23,767 - DataFetcher - INFO - Fetching 10y of 1d data for 6 stocks...
2025-04-12 17:50:24,162 - DataFetcher - INFO - Fetched 2517 periods for W
2025-04-12 17:50:25,697 - yfinance - ERROR - $B: possibly delisted; no price data found  (period=10y) (Yahoo error = "No data found, symbol may be delisted")
2025-04-12 17:50:25,697 - DataFetcher - WARNING - Empty data for B, attempt 1/3
2025-04-12 17:50:29,471 - yfinance - ERROR - $B: possibly delisted; no price data found  (period=10y) (Yahoo error = "No data found, symbol may be delisted")
2025-04-12 17:50:29,472 - DataFetcher - WARNING - Empty data for B, attempt 2/3
2025-04-12 17:50:33,116 - yfinance - ERROR - $B: possibly delisted; no price data found  (period=10y) (Yahoo error = "No data found, symbol may be delisted")
2025-04-12 17:50:33,117 - DataFetcher - WARNING - Empty data for B, attempt 3/3
2025-04-12 17:50:35,122 - DataFetcher - ERROR - Failed to fetch data for B after 3 attempts
2025-04-12 17:50:35,123 - DataFetcher - WARNING - No data found for B, skipping.
2025-04-12 17:50:35,509 - DataFetcher - INFO - Fetched 2517 periods for C
2025-04-12 17:50:35,509 - yfinance - ERROR - Could not get exchangeTimezoneName for ticker '.' reason: 'chart'
2025-04-12 17:50:37,144 - yfinance - ERROR - $.: possibly delisted; no price data found  (period=10y)
2025-04-12 17:50:37,145 - DataFetcher - WARNING - Empty data for ., attempt 1/3
2025-04-12 17:50:39,152 - yfinance - ERROR - Could not get exchangeTimezoneName for ticker '.' reason: 'chart'
2025-04-12 17:50:40,587 - yfinance - ERROR - $.: possibly delisted; no price data found  (period=10y)
2025-04-12 17:50:40,588 - DataFetcher - WARNING - Empty data for ., attempt 2/3
2025-04-12 17:50:42,591 - yfinance - ERROR - Could not get exchangeTimezoneName for ticker '.' reason: 'chart'
2025-04-12 17:50:44,152 - yfinance - ERROR - $.: possibly delisted; no price data found  (period=10y)
2025-04-12 17:50:44,154 - DataFetcher - WARNING - Empty data for ., attempt 3/3
2025-04-12 17:50:46,157 - DataFetcher - ERROR - Failed to fetch data for . after 3 attempts
2025-04-12 17:50:46,159 - DataFetcher - WARNING - No data found for ., skipping.
2025-04-12 17:50:46,553 - DataFetcher - INFO - Fetched 2517 periods for A
2025-04-12 17:50:46,788 - DataFetcher - INFO - Fetched 2517 periods for X
2025-04-12 17:50:46,788 - DataFetcher - INFO - Combined dataset shape: (10068, 9)
2025-04-12 17:50:46,858 - stock_prediction_system - INFO - Fetched 10068 records for WBC.AX
2025-04-12 17:50:46,858 - DataFetcher - INFO - Fetching 10y of 1d data for 6 stocks...
2025-04-12 17:50:47,143 - yfinance - ERROR - $N: possibly delisted; no price data found  (period=10y)
2025-04-12 17:50:47,145 - DataFetcher - WARNING - Empty data for N, attempt 1/3
2025-04-12 17:50:49,195 - yfinance - ERROR - $N: possibly delisted; no price data found  (period=10y)
2025-04-12 17:50:49,196 - DataFetcher - WARNING - Empty data for N, attempt 2/3
2025-04-12 17:50:51,252 - yfinance - ERROR - $N: possibly delisted; no price data found  (period=10y)
2025-04-12 17:50:51,253 - DataFetcher - WARNING - Empty data for N, attempt 3/3
2025-04-12 17:50:53,254 - DataFetcher - ERROR - Failed to fetch data for N after 3 attempts
2025-04-12 17:50:53,255 - DataFetcher - WARNING - No data found for N, skipping.
2025-04-12 17:50:53,367 - DataFetcher - INFO - Fetched 2517 periods for A
2025-04-12 17:50:54,814 - yfinance - ERROR - $B: possibly delisted; no price data found  (period=10y) (Yahoo error = "No data found, symbol may be delisted")
2025-04-12 17:50:54,815 - DataFetcher - WARNING - Empty data for B, attempt 1/3
2025-04-12 17:50:58,673 - yfinance - ERROR - $B: possibly delisted; no price data found  (period=10y) (Yahoo error = "No data found, symbol may be delisted")
2025-04-12 17:50:58,673 - DataFetcher - WARNING - Empty data for B, attempt 2/3
2025-04-12 17:51:02,063 - yfinance - ERROR - $B: possibly delisted; no price data found  (period=10y) (Yahoo error = "No data found, symbol may be delisted")
2025-04-12 17:51:02,064 - DataFetcher - WARNING - Empty data for B, attempt 3/3
2025-04-12 17:51:04,067 - DataFetcher - ERROR - Failed to fetch data for B after 3 attempts
2025-04-12 17:51:04,068 - DataFetcher - WARNING - No data found for B, skipping.
2025-04-12 17:51:04,070 - yfinance - ERROR - Could not get exchangeTimezoneName for ticker '.' reason: 'chart'
2025-04-12 17:51:05,813 - yfinance - ERROR - $.: possibly delisted; no price data found  (period=10y)
2025-04-12 17:51:05,814 - DataFetcher - WARNING - Empty data for ., attempt 1/3
